+------+--------------------+--------+-------------+-----+-------+-------------+-------+--------+
|  ID  |        Name        | Gender |   Birthday  | Age | Alive |    Death    | Child | Spouse |
+------+--------------------+--------+-------------+-----+-------+-------------+-------+--------+
| @I1@ |    Tony /Stark/    |   M    | 16 MAY 1979 |  39 |  True |     N/A     |  @F3@ |  @F4@  |
| @I2@ |   Howard /Stark/   |   M    |  1 OCT 1949 |  51 | False | 14 MAR 2001 |  N/A  |  @F3@  |
| @I3@ | Maria /Carbonell/  |   F    |  4 JUL 1953 |  47 | False | 14 MAR 2001 |  N/A  |  @F3@  |
| @I4@ |   Pepper /Potts/   |   F    | 24 NOV 1980 |  38 |  True |     N/A     |  N/A  |  @F4@  |
| @I5@ | Natasha /Romanoff/ |   F    | 21 MAY 1976 |  25 | False | 11 SEP 2001 |  N/A  |  @F2@  |
| @I6@ |   Peter /Stark/    |   M    |  4 JUL 2005 |  13 |  True |     N/A     |  @F4@ |  N/A   |
| @I7@ |   Bucky /Stark/    |   M    |  1 JAN 2000 |  19 |  True |     N/A     |  @F2@ |  N/A   |
+------+--------------------+--------+-------------+-----+-------+-------------+-------+--------++------+------------+------------+------------+----------------+---------+--------------------+----------+
|  ID  |  Married   |  Divorced  | Husband ID |  Husband Name  | Wife ID |     Wife Name      | Children |
+------+------------+------------+------------+----------------+---------+--------------------+----------+
| @F1@ |     NA     |     NA     |    @I1@    |  Tony /Stark/  |    NA   |         NA         |  ['NA']  |
| @F2@ |     NA     |     NA     |    @I1@    |  Tony /Stark/  |   @I5@  | Natasha /Romanoff/ | ['@I7@'] |
| @F3@ | 1975-05-05 | 1980-05-06 |    @I2@    | Howard /Stark/ |   @I3@  | Maria /Carbonell/  | ['@I1@'] |
| @F4@ | 2003-12-30 |     NA     |    @I1@    |  Tony /Stark/  |   @I4@  |   Pepper /Potts/   | ['@I6@'] |
+------+------------+------------+------------+----------------+---------+--------------------+----------+test_birth_b4_now (TestGED_us01.TestGedcom) ... ok
test_GED1_family1 (TestGED_us02.Test_us02_birth_b4_marriage)
Testing function on file: Project01_Xiaomeng Xu.ged ... ok
test_GED1_family2 (TestGED_us02.Test_us02_birth_b4_marriage)
Testing function on file: Project01_Xiaomeng Xu.ged ... ok
test_GED1_family3 (TestGED_us02.Test_us02_birth_b4_marriage)
Testing function on file: Project01_Xiaomeng Xu.ged ... ok
test_GED1_family4 (TestGED_us02.Test_us02_birth_b4_marriage)
Testing function on file: Project01_Xiaomeng Xu.ged ... ok
test_GED2_family1 (TestGED_us02.Test_us02_birth_b4_marriage)
Testing function on file: TestGED_us02.ged ... ok
test_GED2_family2 (TestGED_us02.Test_us02_birth_b4_marriage)
Testing function on file: Project02.ged ... ok
test_GED2_family3 (TestGED_us02.Test_us02_birth_b4_marriage)
Testing function on file: Project02.ged ... ok
test_GED2_family4 (TestGED_us02.Test_us02_birth_b4_marriage)
Testing function on file: Project02.ged ... ok
test_GED1_individual1 (TestGED_us03_us04.Test_us03_birth_b4_death)
Testing function on file: Project_t03.ged ... ok
test_GED1_individual2 (TestGED_us03_us04.Test_us03_birth_b4_death)
Testing function on file: Project_t03.ged ... ok
test_GED1_individual3 (TestGED_us03_us04.Test_us03_birth_b4_death)
Testing function on file: Project_t03.ged ... ok
test_GED1_individual4 (TestGED_us03_us04.Test_us03_birth_b4_death)
Testing function on file: Project_t03.ged ... ok
test_GED1_individual5 (TestGED_us03_us04.Test_us03_birth_b4_death)
Testing function on file: Project_t03.ged ... ok
test_GED1_individual6 (TestGED_us03_us04.Test_us03_birth_b4_death)
Testing function on file: Project_t03.ged ... ok
test_GED1_individual7 (TestGED_us03_us04.Test_us03_birth_b4_death)
Testing function on file: Project_t03.ged ... ok
test_GED2_family1 (TestGED_us03_us04.Test_us04_marriage_b4_divoce)
Testing function on file: Project_t04.ged ... ok
test_GED2_family2 (TestGED_us03_us04.Test_us04_marriage_b4_divoce)
Testing function on file: Project_t04.ged ... ok
test_GED2_family3 (TestGED_us03_us04.Test_us04_marriage_b4_divoce)
Testing function on file: Project_t04.ged ... ok
test_GED2_family4 (TestGED_us03_us04.Test_us04_marriage_b4_divoce)
Testing function on file: Project_t04.ged ... ok
test_GED1_family1 (TestGED_us05.Test_us05_marriage_b4_death)
Testing function on file: Project01_Xiaomeng Xu.ged ... ok
test_GED1_family2 (TestGED_us05.Test_us05_marriage_b4_death)
Testing function on file: Project01_Xiaomeng Xu.ged ... ok
test_GED1_family3 (TestGED_us05.Test_us05_marriage_b4_death)
Testing function on file: Project01_Xiaomeng Xu.ged ... ok
test_GED1_family4 (TestGED_us05.Test_us05_marriage_b4_death)
Testing function on file: Project01_Xiaomeng Xu.ged ... ok
test_GED2_family1 (TestGED_us05.Test_us05_marriage_b4_death)
Testing function on file: Project02.ged ... ok
test_GED2_family2 (TestGED_us05.Test_us05_marriage_b4_death)
Testing function on file: Project02.ged ... ok
test_GED2_family3 (TestGED_us05.Test_us05_marriage_b4_death)
Testing function on file: Project02.ged ... ok
test_GED2_family4 (TestGED_us05.Test_us05_marriage_b4_death)
Testing function on file: Project02.ged ... ok
test_compare_divrdate_ddate (TestGED_us06.TestGED)
test compare_divrdate_ddate() ... ok
test_store_death_date (TestGED_us06.TestGED)
test store_death_date() ... ok
test_store_divorce_date (TestGED_us06.TestGED)
test store_divorce_date() ... ok
test_age_less_150 (TestGED_us07.TestGedcom) ... ok
test_us08_birth_b4_parents_marriage (TestGED_us08.TestUS08) ... ok
test_us09_birth_b4_parents_death (TestGED_us09.TestUS09) ... ok
test_family_01 (TestGED_us10.Test_us_10_01)
Test us10_marriage_after_14() on family 1 ... ok
test_family_02 (TestGED_us10.Test_us_10_01)
Test us10_marriage_after_14() on family 2 ... ok
test_family_03 (TestGED_us10.Test_us_10_01)
Test us10_marriage_after_14() on family 3 ... ok
test_family_04 (TestGED_us10.Test_us_10_01)
Test us10_marriage_after_14() on family 4 ... ok
test_family_01 (TestGED_us10.Test_us_10_02)
Test us10_marriage_after_14() on family 1 ... ok
test_family_02 (TestGED_us10.Test_us_10_02)
Test us10_marriage_after_14() on family 2 ... ok
test_family_03 (TestGED_us10.Test_us_10_02)
Test us10_marriage_after_14() on family 3 ... ok
test_family_04 (TestGED_us10.Test_us_10_02)
Test us10_marriage_after_14() on family 4 ... ok
TestGED_us11 (unittest.loader._FailedTest) ... ERROR
TestGED_us12 (unittest.loader._FailedTest) ... ERROR
TestGED_us13 (unittest.loader._FailedTest) ... ERROR
test_family_01 (TestGED_us14.test_us_14)
test us14_multiple_birth_less_5 on family 1 ... ok
test_family_02 (TestGED_us14.test_us_14)
test us14_multiple_birth_less_5 on family 2 ... ok
test_family_04 (TestGED_us14.test_us_14)
test us14_multiple_birth_less_5 on family 4 ... ok
test_us15 (TestGED_us15.Test_us15_)
Test no more than 15 children in a family ... ok
TestGED_us16 (unittest.loader._FailedTest) ... ERROR

======================================================================
ERROR: TestGED_us11 (unittest.loader._FailedTest)
----------------------------------------------------------------------
ImportError: Failed to import test module: TestGED_us11
Traceback (most recent call last):
  File "C:\ProgramData\Anaconda3\lib\unittest\loader.py", line 434, in _find_test_path
    module = self._get_module_from_name(name)
  File "C:\ProgramData\Anaconda3\lib\unittest\loader.py", line 375, in _get_module_from_name
    __import__(name)
  File "C:\Users\64937\OneDrive\Documents\SSW\555\SSW555_TeamPrj\foo\tests\TestGED_us11.py", line 14, in <module>
    dir_path='/home/travis/build/SamNormcoreWayne/SSW555_TeamPrj/docs')
  File "C:\Users\64937\OneDrive\Documents\SSW\555\SSW555_TeamPrj\foo\GED.py", line 105, in __init__
    self.read_indi()
  File "C:\Users\64937\OneDrive\Documents\SSW\555\SSW555_TeamPrj\foo\GED.py", line 111, in read_indi
    dd = get_indi(self.working_path, self.filename)
  File "C:\Users\64937\OneDrive\Documents\SSW\555\SSW555_TeamPrj\foo\CheckGED.py", line 121, in get_indi
    result = list(check_input_output(path, filename))
  File "C:\Users\64937\OneDrive\Documents\SSW\555\SSW555_TeamPrj\foo\CheckGED.py", line 49, in check_input_output
    fp.close()
UnboundLocalError: local variable 'fp' referenced before assignment


======================================================================
ERROR: TestGED_us12 (unittest.loader._FailedTest)
----------------------------------------------------------------------
ImportError: Failed to import test module: TestGED_us12
Traceback (most recent call last):
  File "C:\ProgramData\Anaconda3\lib\unittest\loader.py", line 434, in _find_test_path
    module = self._get_module_from_name(name)
  File "C:\ProgramData\Anaconda3\lib\unittest\loader.py", line 375, in _get_module_from_name
    __import__(name)
  File "C:\Users\64937\OneDrive\Documents\SSW\555\SSW555_TeamPrj\foo\tests\TestGED_us12.py", line 15, in <module>
    dir_path='/home/travis/build/SamNormcoreWayne/SSW555_TeamPrj/docs')
  File "C:\Users\64937\OneDrive\Documents\SSW\555\SSW555_TeamPrj\foo\GED.py", line 105, in __init__
    self.read_indi()
  File "C:\Users\64937\OneDrive\Documents\SSW\555\SSW555_TeamPrj\foo\GED.py", line 111, in read_indi
    dd = get_indi(self.working_path, self.filename)
  File "C:\Users\64937\OneDrive\Documents\SSW\555\SSW555_TeamPrj\foo\CheckGED.py", line 121, in get_indi
    result = list(check_input_output(path, filename))
  File "C:\Users\64937\OneDrive\Documents\SSW\555\SSW555_TeamPrj\foo\CheckGED.py", line 49, in check_input_output
    fp.close()
UnboundLocalError: local variable 'fp' referenced before assignment


======================================================================
ERROR: TestGED_us13 (unittest.loader._FailedTest)
----------------------------------------------------------------------
ImportError: Failed to import test module: TestGED_us13
Traceback (most recent call last):
  File "C:\ProgramData\Anaconda3\lib\unittest\loader.py", line 434, in _find_test_path
    module = self._get_module_from_name(name)
  File "C:\ProgramData\Anaconda3\lib\unittest\loader.py", line 375, in _get_module_from_name
    __import__(name)
  File "C:\Users\64937\OneDrive\Documents\SSW\555\SSW555_TeamPrj\foo\tests\TestGED_us13.py", line 15, in <module>
    dir_path='/home/travis/build/SamNormcoreWayne/SSW555_TeamPrj/docs')
  File "C:\Users\64937\OneDrive\Documents\SSW\555\SSW555_TeamPrj\foo\GED.py", line 105, in __init__
    self.read_indi()
  File "C:\Users\64937\OneDrive\Documents\SSW\555\SSW555_TeamPrj\foo\GED.py", line 111, in read_indi
    dd = get_indi(self.working_path, self.filename)
  File "C:\Users\64937\OneDrive\Documents\SSW\555\SSW555_TeamPrj\foo\CheckGED.py", line 121, in get_indi
    result = list(check_input_output(path, filename))
  File "C:\Users\64937\OneDrive\Documents\SSW\555\SSW555_TeamPrj\foo\CheckGED.py", line 49, in check_input_output
    fp.close()
UnboundLocalError: local variable 'fp' referenced before assignment


======================================================================
ERROR: TestGED_us16 (unittest.loader._FailedTest)
----------------------------------------------------------------------
ImportError: Failed to import test module: TestGED_us16
Traceback (most recent call last):
  File "C:\ProgramData\Anaconda3\lib\unittest\loader.py", line 434, in _find_test_path
    module = self._get_module_from_name(name)
  File "C:\ProgramData\Anaconda3\lib\unittest\loader.py", line 375, in _get_module_from_name
    __import__(name)
  File "C:\Users\64937\OneDrive\Documents\SSW\555\SSW555_TeamPrj\foo\tests\TestGED_us16.py", line 7, in <module>
    a = Repository(filename='Project_t16.ged', dir_path='/home/travis/build/SamNormcoreWayne/SSW555_TeamPrj/docs')
  File "C:\Users\64937\OneDrive\Documents\SSW\555\SSW555_TeamPrj\foo\GED.py", line 105, in __init__
    self.read_indi()
  File "C:\Users\64937\OneDrive\Documents\SSW\555\SSW555_TeamPrj\foo\GED.py", line 111, in read_indi
    dd = get_indi(self.working_path, self.filename)
  File "C:\Users\64937\OneDrive\Documents\SSW\555\SSW555_TeamPrj\foo\CheckGED.py", line 121, in get_indi
    result = list(check_input_output(path, filename))
  File "C:\Users\64937\OneDrive\Documents\SSW\555\SSW555_TeamPrj\foo\CheckGED.py", line 49, in check_input_output
    fp.close()
UnboundLocalError: local variable 'fp' referenced before assignment


----------------------------------------------------------------------
Ran 50 tests in 0.039s

FAILED (errors=4)
